{"C:\\Users\\umesh.m.chathoth\\TmobileDev\\pipeLine\\dist\\index.js":{"path":"C:\\Users\\umesh.m.chathoth\\TmobileDev\\pipeLine\\dist\\index.js","s":{"1":1,"2":1,"3":5,"4":1},"b":{"1":[5,3]},"f":{"1":5},"fnMap":{"1":{"name":"IsNullOrEmpty","line":3,"loc":{"start":{"line":3,"column":0},"end":{"line":3,"column":28}}}},"statementMap":{"1":{"start":{"line":2,"column":0},"end":{"line":2,"column":62}},"2":{"start":{"line":3,"column":0},"end":{"line":5,"column":1}},"3":{"start":{"line":4,"column":4},"end":{"line":4,"column":50}},"4":{"start":{"line":6,"column":0},"end":{"line":6,"column":38}}},"branchMap":{"1":{"line":4,"type":"binary-expr","locations":[{"start":{"line":4,"column":11},"end":{"line":4,"column":22}},{"start":{"line":4,"column":26},"end":{"line":4,"column":49}}]}}}}